# vsim -coverage -l 31_counter_run.log -c test_bench -voptargs="+cover=bcesft" -assertdebug -do "coverage save -onexit 31_counter_run.ucdb; log -r /*;run -all" 
# Start time: 19:56:38 on Dec 01,2025
# ** Note: (vsim-3813) Design is being optimized due to module recompilation...
# //  Questa Intel Starter FPGA Edition-64
# //  Version 2024.3 linux_x86_64 Sep 10 2024
# //
# // Unpublished work. Copyright 2024 Siemens
# //
# // This material contains trade secrets or otherwise confidential information
# // owned by Siemens Industry Software Inc. or its affiliates (collectively,
# // "SISW"), or its licensors. Access to and use of this information is strictly
# // limited as set forth in the Customer's applicable agreements with SISW.
# //
# // This material may not be copied, distributed, or otherwise disclosed outside
# // of the Customer's facilities without the express written permission of SISW,
# // and may not be used in any way not expressly authorized by SISW.
# //
# Loading work.test_bench(fast)
# coverage save -onexit 31_counter_run.ucdb
#  log -r /*
# run -all
# =============================================
# [              Pat name: COUNTER             ]
# ==============================================
# ==========[  COUNTER DEFAULT MODE   ]=========
# ==============================================
# -------------------------------------------------------------------------------------
# ----------------   1: STOP TIMER (timer_en=0)      ----------------------------------
# [ t =        100 ] WRITE data=32'h00000000 to addr=12'h000 with strb=4'b1111 
# ---------     2: WRITE RELOAD (split from cnt[63:0] -> TDR0/TDR1    -----------------
# [ t =        230 ] WRITE data=32'h00000000 to addr=12'h004 with strb=4'b1111 
# [ t =        311 ] WRITE data=32'h00000000 to addr=12'h008 with strb=4'b1111 
# [ t =        391 ] SETUP COUNTER INIT = 64'h0000000000000000 
# ---------       3: WRITE DIV_VAL + DIV_EN WHILE TIMER OFF     -----------------
# [ t =        391 ] WRITE data=32'h00000300 to addr=12'h000 with strb=4'b1111 
# [ t =        551 ] READ at addr = 12'h000 , the rdata actual = 32'h00000300 
# [ t =        551 ] expect that rdata at addr=12'h000 is 32'h00000300 
# [ t =        551 ]    >>>  PASS <<<     |   rdata actual =32'h00000300   =  rdata expect =32'h00000300 
# -------------------------------------------------------------------------------------
# [ t =        551 ] SETUP DIV_VAL = 4'b0011 & DIV_EN = 1'b0 
# ----------------  4: START TIMER (timer_en=1)      ----------------------------------
# [ t =        551 ] WRITE data=32'h00000301 to addr=12'h000 with strb=4'b1111 
# ----------------     5: AFTER           5 CYCLE      ----------------------------------
# [t=       650] CNT_EN = 1 -> CNT64 = 1 (0x0000000000000001)
# [t=       670] CNT_EN = 1 -> CNT64 = 2 (0x0000000000000002)
# [t=       690] CNT_EN = 1 -> CNT64 = 3 (0x0000000000000003)
# [t=       710] CNT_EN = 1 -> CNT64 = 4 (0x0000000000000004)
# [t=       730] CNT_EN = 1 -> CNT64 = 5 (0x0000000000000005)
# [ t =        730 ] COUNTER VAL NOW = 64'h0000000000000005 
# -------------------------------------------------------------------------------------
# EXPECTED CNT64 = 5 (0x0000000000000005)
# ACTUAL   CNT64 = 5 (0x0000000000000005)
#    >>> PASS <<<
# -----------------------------------------
# -------------------------------------------------------------------------------------
# ----------------   1: STOP TIMER (timer_en=0)      ----------------------------------
# [ t =        730 ] WRITE data=32'h00000000 to addr=12'h000 with strb=4'b1111 
# ---------     2: WRITE RELOAD (split from cnt[63:0] -> TDR0/TDR1    -----------------
# [ t =        870 ] WRITE data=32'h00000003 to addr=12'h004 with strb=4'b1111 
# [ t =        951 ] WRITE data=32'h00000000 to addr=12'h008 with strb=4'b1111 
# [ t =       1031 ] SETUP COUNTER INIT = 64'h0000000000000003 
# ---------       3: WRITE DIV_VAL + DIV_EN WHILE TIMER OFF     -----------------
# [ t =       1031 ] WRITE data=32'h00000002 to addr=12'h000 with strb=4'b1111 
# [ t =       1191 ] READ at addr = 12'h000 , the rdata actual = 32'h00000002 
# [ t =       1191 ] expect that rdata at addr=12'h000 is 32'h00000002 
# [ t =       1191 ]    >>>  PASS <<<     |   rdata actual =32'h00000002   =  rdata expect =32'h00000002 
# -------------------------------------------------------------------------------------
# [ t =       1191 ] SETUP DIV_VAL = 4'b0000 & DIV_EN = 1'b1 
# ----------------  4: START TIMER (timer_en=1)      ----------------------------------
# [ t =       1191 ] WRITE data=32'h00000003 to addr=12'h000 with strb=4'b1111 
# ----------------     5: AFTER           3 CYCLE      ----------------------------------
# [t=      1290] CNT_EN = 1 -> CNT64 = 4 (0x0000000000000004)
# [t=      1310] CNT_EN = 1 -> CNT64 = 5 (0x0000000000000005)
# [t=      1330] CNT_EN = 1 -> CNT64 = 6 (0x0000000000000006)
# [ t =       1330 ] COUNTER VAL NOW = 64'h0000000000000006 
# -------------------------------------------------------------------------------------
# EXPECTED CNT64 = 6 (0x0000000000000006)
# ACTUAL   CNT64 = 6 (0x0000000000000006)
#    >>> PASS <<<
# -----------------------------------------
# -------------------------------------------------------------------------------------
# ----------------   1: STOP TIMER (timer_en=0)      ----------------------------------
# [ t =       1330 ] WRITE data=32'h00000000 to addr=12'h000 with strb=4'b1111 
# ---------     2: WRITE RELOAD (split from cnt[63:0] -> TDR0/TDR1    -----------------
# [ t =       1470 ] WRITE data=32'h12341230 to addr=12'h004 with strb=4'b1111 
# [ t =       1551 ] WRITE data=32'h12341234 to addr=12'h008 with strb=4'b1111 
# [ t =       1631 ] SETUP COUNTER INIT = 64'h1234123412341230 
# ---------       3: WRITE DIV_VAL + DIV_EN WHILE TIMER OFF     -----------------
# [ t =       1631 ] WRITE data=32'h00000000 to addr=12'h000 with strb=4'b1111 
# [ t =       1791 ] READ at addr = 12'h000 , the rdata actual = 32'h00000000 
# [ t =       1791 ] expect that rdata at addr=12'h000 is 32'h00000000 
# [ t =       1791 ]    >>>  PASS <<<     |   rdata actual =32'h00000000   =  rdata expect =32'h00000000 
# -------------------------------------------------------------------------------------
# [ t =       1791 ] SETUP DIV_VAL = 4'b0000 & DIV_EN = 1'b0 
# ----------------  4: START TIMER (timer_en=1)      ----------------------------------
# [ t =       1791 ] WRITE data=32'h00000001 to addr=12'h000 with strb=4'b1111 
# ----------------     5: AFTER           7 CYCLE      ----------------------------------
# [t=      1890] CNT_EN = 1 -> CNT64 = 1311693406324658737 (0x1234123412341231)
# [t=      1910] CNT_EN = 1 -> CNT64 = 1311693406324658738 (0x1234123412341232)
# [t=      1930] CNT_EN = 1 -> CNT64 = 1311693406324658739 (0x1234123412341233)
# [t=      1950] CNT_EN = 1 -> CNT64 = 1311693406324658740 (0x1234123412341234)
# [t=      1970] CNT_EN = 1 -> CNT64 = 1311693406324658741 (0x1234123412341235)
# [t=      1990] CNT_EN = 1 -> CNT64 = 1311693406324658742 (0x1234123412341236)
# [t=      2010] CNT_EN = 1 -> CNT64 = 1311693406324658743 (0x1234123412341237)
# [ t =       2010 ] COUNTER VAL NOW = 64'h1234123412341237 
# -------------------------------------------------------------------------------------
# EXPECTED CNT64 = 1311693406324658743 (0x1234123412341237)
# ACTUAL   CNT64 = 1311693406324658743 (0x1234123412341237)
#    >>> PASS <<<
# -----------------------------------------
# ==============================================
# ==========[     COUNTER DIV MODE    ]=========
# ==============================================
# -------------------------------------------------------------------------------------
# ----------------   1: STOP TIMER (timer_en=0)      ----------------------------------
# [ t =       2010 ] WRITE data=32'h00000000 to addr=12'h000 with strb=4'b1111 
# ---------     2: WRITE RELOAD (split from cnt[63:0] -> TDR0/TDR1    -----------------
# [ t =       2150 ] WRITE data=32'h00000000 to addr=12'h004 with strb=4'b1111 
# [ t =       2231 ] WRITE data=32'h00000000 to addr=12'h008 with strb=4'b1111 
# [ t =       2311 ] SETUP COUNTER INIT = 64'h0000000000000000 
# ---------       3: WRITE DIV_VAL + DIV_EN WHILE TIMER OFF     -----------------
# [ t =       2311 ] WRITE data=32'h00000102 to addr=12'h000 with strb=4'b1111 
# [ t =       2471 ] READ at addr = 12'h000 , the rdata actual = 32'h00000102 
# [ t =       2471 ] expect that rdata at addr=12'h000 is 32'h00000102 
# [ t =       2471 ]    >>>  PASS <<<     |   rdata actual =32'h00000102   =  rdata expect =32'h00000102 
# -------------------------------------------------------------------------------------
# [ t =       2471 ] SETUP DIV_VAL = 4'b0001 & DIV_EN = 1'b1 
# ----------------  4: START TIMER (timer_en=1)      ----------------------------------
# [ t =       2471 ] WRITE data=32'h00000103 to addr=12'h000 with strb=4'b1111 
# ----------------     5: AFTER           2 CYCLE      ----------------------------------
# [t=      2570] CNT_EN = 0 -> CNT64 = 0 (0x0000000000000000)
# [t=      2590] CNT_EN = 1 -> CNT64 = 1 (0x0000000000000001)
# [ t =       2590 ] COUNTER VAL NOW = 64'h0000000000000001 
# -------------------------------------------------------------------------------------
# EXPECTED CNT64 = 1 (0x0000000000000001)
# ACTUAL   CNT64 = 1 (0x0000000000000001)
#    >>> PASS <<<
# -----------------------------------------
# -------------------------------------------------------------------------------------
# ----------------   1: STOP TIMER (timer_en=0)      ----------------------------------
# [ t =       2590 ] WRITE data=32'h00000000 to addr=12'h000 with strb=4'b1111 
# ---------     2: WRITE RELOAD (split from cnt[63:0] -> TDR0/TDR1    -----------------
# [ t =       2730 ] WRITE data=32'h00000000 to addr=12'h004 with strb=4'b1111 
# [ t =       2811 ] WRITE data=32'h00000000 to addr=12'h008 with strb=4'b1111 
# [ t =       2891 ] SETUP COUNTER INIT = 64'h0000000000000000 
# ---------       3: WRITE DIV_VAL + DIV_EN WHILE TIMER OFF     -----------------
# [ t =       2891 ] WRITE data=32'h00000202 to addr=12'h000 with strb=4'b1111 
# [ t =       3051 ] READ at addr = 12'h000 , the rdata actual = 32'h00000202 
# [ t =       3051 ] expect that rdata at addr=12'h000 is 32'h00000202 
# [ t =       3051 ]    >>>  PASS <<<     |   rdata actual =32'h00000202   =  rdata expect =32'h00000202 
# -------------------------------------------------------------------------------------
# [ t =       3051 ] SETUP DIV_VAL = 4'b0010 & DIV_EN = 1'b1 
# ----------------  4: START TIMER (timer_en=1)      ----------------------------------
# [ t =       3051 ] WRITE data=32'h00000203 to addr=12'h000 with strb=4'b1111 
# ----------------     5: AFTER           4 CYCLE      ----------------------------------
# [t=      3150] CNT_EN = 0 -> CNT64 = 0 (0x0000000000000000)
# [t=      3170] CNT_EN = 0 -> CNT64 = 0 (0x0000000000000000)
# [t=      3190] CNT_EN = 0 -> CNT64 = 0 (0x0000000000000000)
# [t=      3210] CNT_EN = 1 -> CNT64 = 1 (0x0000000000000001)
# [ t =       3210 ] COUNTER VAL NOW = 64'h0000000000000001 
# -------------------------------------------------------------------------------------
# EXPECTED CNT64 = 1 (0x0000000000000001)
# ACTUAL   CNT64 = 1 (0x0000000000000001)
#    >>> PASS <<<
# -----------------------------------------
# -------------------------------------------------------------------------------------
# ----------------   1: STOP TIMER (timer_en=0)      ----------------------------------
# [ t =       3210 ] WRITE data=32'h00000000 to addr=12'h000 with strb=4'b1111 
# ---------     2: WRITE RELOAD (split from cnt[63:0] -> TDR0/TDR1    -----------------
# [ t =       3350 ] WRITE data=32'h00000000 to addr=12'h004 with strb=4'b1111 
# [ t =       3431 ] WRITE data=32'h00000000 to addr=12'h008 with strb=4'b1111 
# [ t =       3511 ] SETUP COUNTER INIT = 64'h0000000000000000 
# ---------       3: WRITE DIV_VAL + DIV_EN WHILE TIMER OFF     -----------------
# [ t =       3511 ] WRITE data=32'h00000302 to addr=12'h000 with strb=4'b1111 
# [ t =       3671 ] READ at addr = 12'h000 , the rdata actual = 32'h00000302 
# [ t =       3671 ] expect that rdata at addr=12'h000 is 32'h00000302 
# [ t =       3671 ]    >>>  PASS <<<     |   rdata actual =32'h00000302   =  rdata expect =32'h00000302 
# -------------------------------------------------------------------------------------
# [ t =       3671 ] SETUP DIV_VAL = 4'b0011 & DIV_EN = 1'b1 
# ----------------  4: START TIMER (timer_en=1)      ----------------------------------
# [ t =       3671 ] WRITE data=32'h00000303 to addr=12'h000 with strb=4'b1111 
# ----------------     5: AFTER           8 CYCLE      ----------------------------------
# [t=      3770] CNT_EN = 0 -> CNT64 = 0 (0x0000000000000000)
# [t=      3790] CNT_EN = 0 -> CNT64 = 0 (0x0000000000000000)
# [t=      3810] CNT_EN = 0 -> CNT64 = 0 (0x0000000000000000)
# [t=      3830] CNT_EN = 0 -> CNT64 = 0 (0x0000000000000000)
# [t=      3850] CNT_EN = 0 -> CNT64 = 0 (0x0000000000000000)
# [t=      3870] CNT_EN = 0 -> CNT64 = 0 (0x0000000000000000)
# [t=      3890] CNT_EN = 0 -> CNT64 = 0 (0x0000000000000000)
# [t=      3910] CNT_EN = 1 -> CNT64 = 1 (0x0000000000000001)
# [ t =       3910 ] COUNTER VAL NOW = 64'h0000000000000001 
# -------------------------------------------------------------------------------------
# EXPECTED CNT64 = 1 (0x0000000000000001)
# ACTUAL   CNT64 = 1 (0x0000000000000001)
#    >>> PASS <<<
# -----------------------------------------
# -------------------------------------------------------------------------------------
# ----------------   1: STOP TIMER (timer_en=0)      ----------------------------------
# [ t =       3910 ] WRITE data=32'h00000000 to addr=12'h000 with strb=4'b1111 
# ---------     2: WRITE RELOAD (split from cnt[63:0] -> TDR0/TDR1    -----------------
# [ t =       4050 ] WRITE data=32'h00000000 to addr=12'h004 with strb=4'b1111 
# [ t =       4131 ] WRITE data=32'h00000000 to addr=12'h008 with strb=4'b1111 
# [ t =       4211 ] SETUP COUNTER INIT = 64'h0000000000000000 
# ---------       3: WRITE DIV_VAL + DIV_EN WHILE TIMER OFF     -----------------
# [ t =       4211 ] WRITE data=32'h00000402 to addr=12'h000 with strb=4'b1111 
# [ t =       4371 ] READ at addr = 12'h000 , the rdata actual = 32'h00000402 
# [ t =       4371 ] expect that rdata at addr=12'h000 is 32'h00000402 
# [ t =       4371 ]    >>>  PASS <<<     |   rdata actual =32'h00000402   =  rdata expect =32'h00000402 
# -------------------------------------------------------------------------------------
# [ t =       4371 ] SETUP DIV_VAL = 4'b0100 & DIV_EN = 1'b1 
# ----------------  4: START TIMER (timer_en=1)      ----------------------------------
# [ t =       4371 ] WRITE data=32'h00000403 to addr=12'h000 with strb=4'b1111 
# ----------------     5: AFTER          16 CYCLE      ----------------------------------
# [t=      4470] CNT_EN = 0 -> CNT64 = 0 (0x0000000000000000)
# [t=      4490] CNT_EN = 0 -> CNT64 = 0 (0x0000000000000000)
# [t=      4510] CNT_EN = 0 -> CNT64 = 0 (0x0000000000000000)
# [t=      4530] CNT_EN = 0 -> CNT64 = 0 (0x0000000000000000)
# [t=      4550] CNT_EN = 0 -> CNT64 = 0 (0x0000000000000000)
# [t=      4570] CNT_EN = 0 -> CNT64 = 0 (0x0000000000000000)
# [t=      4590] CNT_EN = 0 -> CNT64 = 0 (0x0000000000000000)
# [t=      4610] CNT_EN = 0 -> CNT64 = 0 (0x0000000000000000)
# [t=      4630] CNT_EN = 0 -> CNT64 = 0 (0x0000000000000000)
# [t=      4650] CNT_EN = 0 -> CNT64 = 0 (0x0000000000000000)
# [t=      4670] CNT_EN = 0 -> CNT64 = 0 (0x0000000000000000)
# [t=      4690] CNT_EN = 0 -> CNT64 = 0 (0x0000000000000000)
# [t=      4710] CNT_EN = 0 -> CNT64 = 0 (0x0000000000000000)
# [t=      4730] CNT_EN = 0 -> CNT64 = 0 (0x0000000000000000)
# [t=      4750] CNT_EN = 0 -> CNT64 = 0 (0x0000000000000000)
# [t=      4770] CNT_EN = 1 -> CNT64 = 1 (0x0000000000000001)
# [ t =       4770 ] COUNTER VAL NOW = 64'h0000000000000001 
# -------------------------------------------------------------------------------------
# EXPECTED CNT64 = 1 (0x0000000000000001)
# ACTUAL   CNT64 = 1 (0x0000000000000001)
#    >>> PASS <<<
# -----------------------------------------
# -------------------------------------------------------------------------------------
# ----------------   1: STOP TIMER (timer_en=0)      ----------------------------------
# [ t =       4770 ] WRITE data=32'h00000000 to addr=12'h000 with strb=4'b1111 
# ---------     2: WRITE RELOAD (split from cnt[63:0] -> TDR0/TDR1    -----------------
# [ t =       4910 ] WRITE data=32'h00000000 to addr=12'h004 with strb=4'b1111 
# [ t =       4991 ] WRITE data=32'h00000000 to addr=12'h008 with strb=4'b1111 
# [ t =       5071 ] SETUP COUNTER INIT = 64'h0000000000000000 
# ---------       3: WRITE DIV_VAL + DIV_EN WHILE TIMER OFF     -----------------
# [ t =       5071 ] WRITE data=32'h00000502 to addr=12'h000 with strb=4'b1111 
# [ t =       5231 ] READ at addr = 12'h000 , the rdata actual = 32'h00000502 
# [ t =       5231 ] expect that rdata at addr=12'h000 is 32'h00000502 
# [ t =       5231 ]    >>>  PASS <<<     |   rdata actual =32'h00000502   =  rdata expect =32'h00000502 
# -------------------------------------------------------------------------------------
# [ t =       5231 ] SETUP DIV_VAL = 4'b0101 & DIV_EN = 1'b1 
# ----------------  4: START TIMER (timer_en=1)      ----------------------------------
# [ t =       5231 ] WRITE data=32'h00000503 to addr=12'h000 with strb=4'b1111 
# ----------------     5: AFTER          32 CYCLE      ----------------------------------
# [t=      5330] CNT_EN = 0 -> CNT64 = 0 (0x0000000000000000)
# [t=      5350] CNT_EN = 0 -> CNT64 = 0 (0x0000000000000000)
# [t=      5370] CNT_EN = 0 -> CNT64 = 0 (0x0000000000000000)
# [t=      5390] CNT_EN = 0 -> CNT64 = 0 (0x0000000000000000)
# [t=      5410] CNT_EN = 0 -> CNT64 = 0 (0x0000000000000000)
# [t=      5430] CNT_EN = 0 -> CNT64 = 0 (0x0000000000000000)
# [t=      5450] CNT_EN = 0 -> CNT64 = 0 (0x0000000000000000)
# [t=      5470] CNT_EN = 0 -> CNT64 = 0 (0x0000000000000000)
# [t=      5490] CNT_EN = 0 -> CNT64 = 0 (0x0000000000000000)
# [t=      5510] CNT_EN = 0 -> CNT64 = 0 (0x0000000000000000)
# [t=      5530] CNT_EN = 0 -> CNT64 = 0 (0x0000000000000000)
# [t=      5550] CNT_EN = 0 -> CNT64 = 0 (0x0000000000000000)
# [t=      5570] CNT_EN = 0 -> CNT64 = 0 (0x0000000000000000)
# [t=      5590] CNT_EN = 0 -> CNT64 = 0 (0x0000000000000000)
# [t=      5610] CNT_EN = 0 -> CNT64 = 0 (0x0000000000000000)
# [t=      5630] CNT_EN = 0 -> CNT64 = 0 (0x0000000000000000)
# [t=      5650] CNT_EN = 0 -> CNT64 = 0 (0x0000000000000000)
# [t=      5670] CNT_EN = 0 -> CNT64 = 0 (0x0000000000000000)
# [t=      5690] CNT_EN = 0 -> CNT64 = 0 (0x0000000000000000)
# [t=      5710] CNT_EN = 0 -> CNT64 = 0 (0x0000000000000000)
# [t=      5730] CNT_EN = 0 -> CNT64 = 0 (0x0000000000000000)
# [t=      5750] CNT_EN = 0 -> CNT64 = 0 (0x0000000000000000)
# [t=      5770] CNT_EN = 0 -> CNT64 = 0 (0x0000000000000000)
# [t=      5790] CNT_EN = 0 -> CNT64 = 0 (0x0000000000000000)
# [t=      5810] CNT_EN = 0 -> CNT64 = 0 (0x0000000000000000)
# [t=      5830] CNT_EN = 0 -> CNT64 = 0 (0x0000000000000000)
# [t=      5850] CNT_EN = 0 -> CNT64 = 0 (0x0000000000000000)
# [t=      5870] CNT_EN = 0 -> CNT64 = 0 (0x0000000000000000)
# [t=      5890] CNT_EN = 0 -> CNT64 = 0 (0x0000000000000000)
# [t=      5910] CNT_EN = 0 -> CNT64 = 0 (0x0000000000000000)
# [t=      5930] CNT_EN = 0 -> CNT64 = 0 (0x0000000000000000)
# [t=      5950] CNT_EN = 1 -> CNT64 = 1 (0x0000000000000001)
# [ t =       5950 ] COUNTER VAL NOW = 64'h0000000000000001 
# -------------------------------------------------------------------------------------
# EXPECTED CNT64 = 1 (0x0000000000000001)
# ACTUAL   CNT64 = 1 (0x0000000000000001)
#    >>> PASS <<<
# -----------------------------------------
# -------------------------------------------------------------------------------------
# ----------------   1: STOP TIMER (timer_en=0)      ----------------------------------
# [ t =       5950 ] WRITE data=32'h00000000 to addr=12'h000 with strb=4'b1111 
# ---------     2: WRITE RELOAD (split from cnt[63:0] -> TDR0/TDR1    -----------------
# [ t =       6090 ] WRITE data=32'h00000000 to addr=12'h004 with strb=4'b1111 
# [ t =       6171 ] WRITE data=32'h00000000 to addr=12'h008 with strb=4'b1111 
# [ t =       6251 ] SETUP COUNTER INIT = 64'h0000000000000000 
# ---------       3: WRITE DIV_VAL + DIV_EN WHILE TIMER OFF     -----------------
# [ t =       6251 ] WRITE data=32'h00000602 to addr=12'h000 with strb=4'b1111 
# [ t =       6411 ] READ at addr = 12'h000 , the rdata actual = 32'h00000602 
# [ t =       6411 ] expect that rdata at addr=12'h000 is 32'h00000602 
# [ t =       6411 ]    >>>  PASS <<<     |   rdata actual =32'h00000602   =  rdata expect =32'h00000602 
# -------------------------------------------------------------------------------------
# [ t =       6411 ] SETUP DIV_VAL = 4'b0110 & DIV_EN = 1'b1 
# ----------------  4: START TIMER (timer_en=1)      ----------------------------------
# [ t =       6411 ] WRITE data=32'h00000603 to addr=12'h000 with strb=4'b1111 
# ----------------     5: AFTER          64 CYCLE      ----------------------------------
# [t=      6510] CNT_EN = 0 -> CNT64 = 0 (0x0000000000000000)
# [t=      6530] CNT_EN = 0 -> CNT64 = 0 (0x0000000000000000)
# [t=      6550] CNT_EN = 0 -> CNT64 = 0 (0x0000000000000000)
# [t=      6570] CNT_EN = 0 -> CNT64 = 0 (0x0000000000000000)
# [t=      6590] CNT_EN = 0 -> CNT64 = 0 (0x0000000000000000)
# [t=      6610] CNT_EN = 0 -> CNT64 = 0 (0x0000000000000000)
# [t=      6630] CNT_EN = 0 -> CNT64 = 0 (0x0000000000000000)
# [t=      6650] CNT_EN = 0 -> CNT64 = 0 (0x0000000000000000)
# [t=      6670] CNT_EN = 0 -> CNT64 = 0 (0x0000000000000000)
# [t=      6690] CNT_EN = 0 -> CNT64 = 0 (0x0000000000000000)
# [t=      6710] CNT_EN = 0 -> CNT64 = 0 (0x0000000000000000)
# [t=      6730] CNT_EN = 0 -> CNT64 = 0 (0x0000000000000000)
# [t=      6750] CNT_EN = 0 -> CNT64 = 0 (0x0000000000000000)
# [t=      6770] CNT_EN = 0 -> CNT64 = 0 (0x0000000000000000)
# [t=      6790] CNT_EN = 0 -> CNT64 = 0 (0x0000000000000000)
# [t=      6810] CNT_EN = 0 -> CNT64 = 0 (0x0000000000000000)
# [t=      6830] CNT_EN = 0 -> CNT64 = 0 (0x0000000000000000)
# [t=      6850] CNT_EN = 0 -> CNT64 = 0 (0x0000000000000000)
# [t=      6870] CNT_EN = 0 -> CNT64 = 0 (0x0000000000000000)
# [t=      6890] CNT_EN = 0 -> CNT64 = 0 (0x0000000000000000)
# [t=      6910] CNT_EN = 0 -> CNT64 = 0 (0x0000000000000000)
# [t=      6930] CNT_EN = 0 -> CNT64 = 0 (0x0000000000000000)
# [t=      6950] CNT_EN = 0 -> CNT64 = 0 (0x0000000000000000)
# [t=      6970] CNT_EN = 0 -> CNT64 = 0 (0x0000000000000000)
# [t=      6990] CNT_EN = 0 -> CNT64 = 0 (0x0000000000000000)
# [t=      7010] CNT_EN = 0 -> CNT64 = 0 (0x0000000000000000)
# [t=      7030] CNT_EN = 0 -> CNT64 = 0 (0x0000000000000000)
# [t=      7050] CNT_EN = 0 -> CNT64 = 0 (0x0000000000000000)
# [t=      7070] CNT_EN = 0 -> CNT64 = 0 (0x0000000000000000)
# [t=      7090] CNT_EN = 0 -> CNT64 = 0 (0x0000000000000000)
# [t=      7110] CNT_EN = 0 -> CNT64 = 0 (0x0000000000000000)
# [t=      7130] CNT_EN = 0 -> CNT64 = 0 (0x0000000000000000)
# [t=      7150] CNT_EN = 0 -> CNT64 = 0 (0x0000000000000000)
# [t=      7170] CNT_EN = 0 -> CNT64 = 0 (0x0000000000000000)
# [t=      7190] CNT_EN = 0 -> CNT64 = 0 (0x0000000000000000)
# [t=      7210] CNT_EN = 0 -> CNT64 = 0 (0x0000000000000000)
# [t=      7230] CNT_EN = 0 -> CNT64 = 0 (0x0000000000000000)
# [t=      7250] CNT_EN = 0 -> CNT64 = 0 (0x0000000000000000)
# [t=      7270] CNT_EN = 0 -> CNT64 = 0 (0x0000000000000000)
# [t=      7290] CNT_EN = 0 -> CNT64 = 0 (0x0000000000000000)
# [t=      7310] CNT_EN = 0 -> CNT64 = 0 (0x0000000000000000)
# [t=      7330] CNT_EN = 0 -> CNT64 = 0 (0x0000000000000000)
# [t=      7350] CNT_EN = 0 -> CNT64 = 0 (0x0000000000000000)
# [t=      7370] CNT_EN = 0 -> CNT64 = 0 (0x0000000000000000)
# [t=      7390] CNT_EN = 0 -> CNT64 = 0 (0x0000000000000000)
# [t=      7410] CNT_EN = 0 -> CNT64 = 0 (0x0000000000000000)
# [t=      7430] CNT_EN = 0 -> CNT64 = 0 (0x0000000000000000)
# [t=      7450] CNT_EN = 0 -> CNT64 = 0 (0x0000000000000000)
# [t=      7470] CNT_EN = 0 -> CNT64 = 0 (0x0000000000000000)
# [t=      7490] CNT_EN = 0 -> CNT64 = 0 (0x0000000000000000)
# [t=      7510] CNT_EN = 0 -> CNT64 = 0 (0x0000000000000000)
# [t=      7530] CNT_EN = 0 -> CNT64 = 0 (0x0000000000000000)
# [t=      7550] CNT_EN = 0 -> CNT64 = 0 (0x0000000000000000)
# [t=      7570] CNT_EN = 0 -> CNT64 = 0 (0x0000000000000000)
# [t=      7590] CNT_EN = 0 -> CNT64 = 0 (0x0000000000000000)
# [t=      7610] CNT_EN = 0 -> CNT64 = 0 (0x0000000000000000)
# [t=      7630] CNT_EN = 0 -> CNT64 = 0 (0x0000000000000000)
# [t=      7650] CNT_EN = 0 -> CNT64 = 0 (0x0000000000000000)
# [t=      7670] CNT_EN = 0 -> CNT64 = 0 (0x0000000000000000)
# [t=      7690] CNT_EN = 0 -> CNT64 = 0 (0x0000000000000000)
# [t=      7710] CNT_EN = 0 -> CNT64 = 0 (0x0000000000000000)
# [t=      7730] CNT_EN = 0 -> CNT64 = 0 (0x0000000000000000)
# [t=      7750] CNT_EN = 0 -> CNT64 = 0 (0x0000000000000000)
# [t=      7770] CNT_EN = 1 -> CNT64 = 1 (0x0000000000000001)
# [ t =       7770 ] COUNTER VAL NOW = 64'h0000000000000001 
# -------------------------------------------------------------------------------------
# EXPECTED CNT64 = 1 (0x0000000000000001)
# ACTUAL   CNT64 = 1 (0x0000000000000001)
#    >>> PASS <<<
# -----------------------------------------
# -------------------------------------------------------------------------------------
# ----------------   1: STOP TIMER (timer_en=0)      ----------------------------------
# [ t =       7770 ] WRITE data=32'h00000000 to addr=12'h000 with strb=4'b1111 
# ---------     2: WRITE RELOAD (split from cnt[63:0] -> TDR0/TDR1    -----------------
# [ t =       7910 ] WRITE data=32'h00000000 to addr=12'h004 with strb=4'b1111 
# [ t =       7991 ] WRITE data=32'h00000000 to addr=12'h008 with strb=4'b1111 
# [ t =       8071 ] SETUP COUNTER INIT = 64'h0000000000000000 
# ---------       3: WRITE DIV_VAL + DIV_EN WHILE TIMER OFF     -----------------
# [ t =       8071 ] WRITE data=32'h00000702 to addr=12'h000 with strb=4'b1111 
# [ t =       8231 ] READ at addr = 12'h000 , the rdata actual = 32'h00000702 
# [ t =       8231 ] expect that rdata at addr=12'h000 is 32'h00000702 
# [ t =       8231 ]    >>>  PASS <<<     |   rdata actual =32'h00000702   =  rdata expect =32'h00000702 
# -------------------------------------------------------------------------------------
# [ t =       8231 ] SETUP DIV_VAL = 4'b0111 & DIV_EN = 1'b1 
# ----------------  4: START TIMER (timer_en=1)      ----------------------------------
# [ t =       8231 ] WRITE data=32'h00000703 to addr=12'h000 with strb=4'b1111 
# ----------------     5: AFTER         128 CYCLE      ----------------------------------
# [t=      8330] CNT_EN = 0 -> CNT64 = 0 (0x0000000000000000)
# [t=      8350] CNT_EN = 0 -> CNT64 = 0 (0x0000000000000000)
# [t=      8370] CNT_EN = 0 -> CNT64 = 0 (0x0000000000000000)
# [t=      8390] CNT_EN = 0 -> CNT64 = 0 (0x0000000000000000)
# [t=      8410] CNT_EN = 0 -> CNT64 = 0 (0x0000000000000000)
# [t=      8430] CNT_EN = 0 -> CNT64 = 0 (0x0000000000000000)
# [t=      8450] CNT_EN = 0 -> CNT64 = 0 (0x0000000000000000)
# [t=      8470] CNT_EN = 0 -> CNT64 = 0 (0x0000000000000000)
# [t=      8490] CNT_EN = 0 -> CNT64 = 0 (0x0000000000000000)
# [t=      8510] CNT_EN = 0 -> CNT64 = 0 (0x0000000000000000)
# [t=      8530] CNT_EN = 0 -> CNT64 = 0 (0x0000000000000000)
# [t=      8550] CNT_EN = 0 -> CNT64 = 0 (0x0000000000000000)
# [t=      8570] CNT_EN = 0 -> CNT64 = 0 (0x0000000000000000)
# [t=      8590] CNT_EN = 0 -> CNT64 = 0 (0x0000000000000000)
# [t=      8610] CNT_EN = 0 -> CNT64 = 0 (0x0000000000000000)
# [t=      8630] CNT_EN = 0 -> CNT64 = 0 (0x0000000000000000)
# [t=      8650] CNT_EN = 0 -> CNT64 = 0 (0x0000000000000000)
# [t=      8670] CNT_EN = 0 -> CNT64 = 0 (0x0000000000000000)
# [t=      8690] CNT_EN = 0 -> CNT64 = 0 (0x0000000000000000)
# [t=      8710] CNT_EN = 0 -> CNT64 = 0 (0x0000000000000000)
# [t=      8730] CNT_EN = 0 -> CNT64 = 0 (0x0000000000000000)
# [t=      8750] CNT_EN = 0 -> CNT64 = 0 (0x0000000000000000)
# [t=      8770] CNT_EN = 0 -> CNT64 = 0 (0x0000000000000000)
# [t=      8790] CNT_EN = 0 -> CNT64 = 0 (0x0000000000000000)
# [t=      8810] CNT_EN = 0 -> CNT64 = 0 (0x0000000000000000)
# [t=      8830] CNT_EN = 0 -> CNT64 = 0 (0x0000000000000000)
# [t=      8850] CNT_EN = 0 -> CNT64 = 0 (0x0000000000000000)
# [t=      8870] CNT_EN = 0 -> CNT64 = 0 (0x0000000000000000)
# [t=      8890] CNT_EN = 0 -> CNT64 = 0 (0x0000000000000000)
# [t=      8910] CNT_EN = 0 -> CNT64 = 0 (0x0000000000000000)
# [t=      8930] CNT_EN = 0 -> CNT64 = 0 (0x0000000000000000)
# [t=      8950] CNT_EN = 0 -> CNT64 = 0 (0x0000000000000000)
# [t=      8970] CNT_EN = 0 -> CNT64 = 0 (0x0000000000000000)
# [t=      8990] CNT_EN = 0 -> CNT64 = 0 (0x0000000000000000)
# [t=      9010] CNT_EN = 0 -> CNT64 = 0 (0x0000000000000000)
# [t=      9030] CNT_EN = 0 -> CNT64 = 0 (0x0000000000000000)
# [t=      9050] CNT_EN = 0 -> CNT64 = 0 (0x0000000000000000)
# [t=      9070] CNT_EN = 0 -> CNT64 = 0 (0x0000000000000000)
# [t=      9090] CNT_EN = 0 -> CNT64 = 0 (0x0000000000000000)
# [t=      9110] CNT_EN = 0 -> CNT64 = 0 (0x0000000000000000)
# [t=      9130] CNT_EN = 0 -> CNT64 = 0 (0x0000000000000000)
# [t=      9150] CNT_EN = 0 -> CNT64 = 0 (0x0000000000000000)
# [t=      9170] CNT_EN = 0 -> CNT64 = 0 (0x0000000000000000)
# [t=      9190] CNT_EN = 0 -> CNT64 = 0 (0x0000000000000000)
# [t=      9210] CNT_EN = 0 -> CNT64 = 0 (0x0000000000000000)
# [t=      9230] CNT_EN = 0 -> CNT64 = 0 (0x0000000000000000)
# [t=      9250] CNT_EN = 0 -> CNT64 = 0 (0x0000000000000000)
# [t=      9270] CNT_EN = 0 -> CNT64 = 0 (0x0000000000000000)
# [t=      9290] CNT_EN = 0 -> CNT64 = 0 (0x0000000000000000)
# [t=      9310] CNT_EN = 0 -> CNT64 = 0 (0x0000000000000000)
# [t=      9330] CNT_EN = 0 -> CNT64 = 0 (0x0000000000000000)
# [t=      9350] CNT_EN = 0 -> CNT64 = 0 (0x0000000000000000)
# [t=      9370] CNT_EN = 0 -> CNT64 = 0 (0x0000000000000000)
# [t=      9390] CNT_EN = 0 -> CNT64 = 0 (0x0000000000000000)
# [t=      9410] CNT_EN = 0 -> CNT64 = 0 (0x0000000000000000)
# [t=      9430] CNT_EN = 0 -> CNT64 = 0 (0x0000000000000000)
# [t=      9450] CNT_EN = 0 -> CNT64 = 0 (0x0000000000000000)
# [t=      9470] CNT_EN = 0 -> CNT64 = 0 (0x0000000000000000)
# [t=      9490] CNT_EN = 0 -> CNT64 = 0 (0x0000000000000000)
# [t=      9510] CNT_EN = 0 -> CNT64 = 0 (0x0000000000000000)
# [t=      9530] CNT_EN = 0 -> CNT64 = 0 (0x0000000000000000)
# [t=      9550] CNT_EN = 0 -> CNT64 = 0 (0x0000000000000000)
# [t=      9570] CNT_EN = 0 -> CNT64 = 0 (0x0000000000000000)
# [t=      9590] CNT_EN = 0 -> CNT64 = 0 (0x0000000000000000)
# [t=      9610] CNT_EN = 0 -> CNT64 = 0 (0x0000000000000000)
# [t=      9630] CNT_EN = 0 -> CNT64 = 0 (0x0000000000000000)
# [t=      9650] CNT_EN = 0 -> CNT64 = 0 (0x0000000000000000)
# [t=      9670] CNT_EN = 0 -> CNT64 = 0 (0x0000000000000000)
# [t=      9690] CNT_EN = 0 -> CNT64 = 0 (0x0000000000000000)
# [t=      9710] CNT_EN = 0 -> CNT64 = 0 (0x0000000000000000)
# [t=      9730] CNT_EN = 0 -> CNT64 = 0 (0x0000000000000000)
# [t=      9750] CNT_EN = 0 -> CNT64 = 0 (0x0000000000000000)
# [t=      9770] CNT_EN = 0 -> CNT64 = 0 (0x0000000000000000)
# [t=      9790] CNT_EN = 0 -> CNT64 = 0 (0x0000000000000000)
# [t=      9810] CNT_EN = 0 -> CNT64 = 0 (0x0000000000000000)
# [t=      9830] CNT_EN = 0 -> CNT64 = 0 (0x0000000000000000)
# [t=      9850] CNT_EN = 0 -> CNT64 = 0 (0x0000000000000000)
# [t=      9870] CNT_EN = 0 -> CNT64 = 0 (0x0000000000000000)
# [t=      9890] CNT_EN = 0 -> CNT64 = 0 (0x0000000000000000)
# [t=      9910] CNT_EN = 0 -> CNT64 = 0 (0x0000000000000000)
# [t=      9930] CNT_EN = 0 -> CNT64 = 0 (0x0000000000000000)
# [t=      9950] CNT_EN = 0 -> CNT64 = 0 (0x0000000000000000)
# [t=      9970] CNT_EN = 0 -> CNT64 = 0 (0x0000000000000000)
# [t=      9990] CNT_EN = 0 -> CNT64 = 0 (0x0000000000000000)
# [t=     10010] CNT_EN = 0 -> CNT64 = 0 (0x0000000000000000)
# [t=     10030] CNT_EN = 0 -> CNT64 = 0 (0x0000000000000000)
# [t=     10050] CNT_EN = 0 -> CNT64 = 0 (0x0000000000000000)
# [t=     10070] CNT_EN = 0 -> CNT64 = 0 (0x0000000000000000)
# [t=     10090] CNT_EN = 0 -> CNT64 = 0 (0x0000000000000000)
# [t=     10110] CNT_EN = 0 -> CNT64 = 0 (0x0000000000000000)
# [t=     10130] CNT_EN = 0 -> CNT64 = 0 (0x0000000000000000)
# [t=     10150] CNT_EN = 0 -> CNT64 = 0 (0x0000000000000000)
# [t=     10170] CNT_EN = 0 -> CNT64 = 0 (0x0000000000000000)
# [t=     10190] CNT_EN = 0 -> CNT64 = 0 (0x0000000000000000)
# [t=     10210] CNT_EN = 0 -> CNT64 = 0 (0x0000000000000000)
# [t=     10230] CNT_EN = 0 -> CNT64 = 0 (0x0000000000000000)
# [t=     10250] CNT_EN = 0 -> CNT64 = 0 (0x0000000000000000)
# [t=     10270] CNT_EN = 0 -> CNT64 = 0 (0x0000000000000000)
# [t=     10290] CNT_EN = 0 -> CNT64 = 0 (0x0000000000000000)
# [t=     10310] CNT_EN = 0 -> CNT64 = 0 (0x0000000000000000)
# [t=     10330] CNT_EN = 0 -> CNT64 = 0 (0x0000000000000000)
# [t=     10350] CNT_EN = 0 -> CNT64 = 0 (0x0000000000000000)
# [t=     10370] CNT_EN = 0 -> CNT64 = 0 (0x0000000000000000)
# [t=     10390] CNT_EN = 0 -> CNT64 = 0 (0x0000000000000000)
# [t=     10410] CNT_EN = 0 -> CNT64 = 0 (0x0000000000000000)
# [t=     10430] CNT_EN = 0 -> CNT64 = 0 (0x0000000000000000)
# [t=     10450] CNT_EN = 0 -> CNT64 = 0 (0x0000000000000000)
# [t=     10470] CNT_EN = 0 -> CNT64 = 0 (0x0000000000000000)
# [t=     10490] CNT_EN = 0 -> CNT64 = 0 (0x0000000000000000)
# [t=     10510] CNT_EN = 0 -> CNT64 = 0 (0x0000000000000000)
# [t=     10530] CNT_EN = 0 -> CNT64 = 0 (0x0000000000000000)
# [t=     10550] CNT_EN = 0 -> CNT64 = 0 (0x0000000000000000)
# [t=     10570] CNT_EN = 0 -> CNT64 = 0 (0x0000000000000000)
# [t=     10590] CNT_EN = 0 -> CNT64 = 0 (0x0000000000000000)
# [t=     10610] CNT_EN = 0 -> CNT64 = 0 (0x0000000000000000)
# [t=     10630] CNT_EN = 0 -> CNT64 = 0 (0x0000000000000000)
# [t=     10650] CNT_EN = 0 -> CNT64 = 0 (0x0000000000000000)
# [t=     10670] CNT_EN = 0 -> CNT64 = 0 (0x0000000000000000)
# [t=     10690] CNT_EN = 0 -> CNT64 = 0 (0x0000000000000000)
# [t=     10710] CNT_EN = 0 -> CNT64 = 0 (0x0000000000000000)
# [t=     10730] CNT_EN = 0 -> CNT64 = 0 (0x0000000000000000)
# [t=     10750] CNT_EN = 0 -> CNT64 = 0 (0x0000000000000000)
# [t=     10770] CNT_EN = 0 -> CNT64 = 0 (0x0000000000000000)
# [t=     10790] CNT_EN = 0 -> CNT64 = 0 (0x0000000000000000)
# [t=     10810] CNT_EN = 0 -> CNT64 = 0 (0x0000000000000000)
# [t=     10830] CNT_EN = 0 -> CNT64 = 0 (0x0000000000000000)
# [t=     10850] CNT_EN = 0 -> CNT64 = 0 (0x0000000000000000)
# [t=     10870] CNT_EN = 1 -> CNT64 = 1 (0x0000000000000001)
# [ t =      10870 ] COUNTER VAL NOW = 64'h0000000000000001 
# -------------------------------------------------------------------------------------
# EXPECTED CNT64 = 1 (0x0000000000000001)
# ACTUAL   CNT64 = 1 (0x0000000000000001)
#    >>> PASS <<<
# -----------------------------------------
# -------------------------------------------------------------------------------------
# ----------------   1: STOP TIMER (timer_en=0)      ----------------------------------
# [ t =      10870 ] WRITE data=32'h00000000 to addr=12'h000 with strb=4'b1111 
# ---------     2: WRITE RELOAD (split from cnt[63:0] -> TDR0/TDR1    -----------------
# [ t =      11010 ] WRITE data=32'h00000000 to addr=12'h004 with strb=4'b1111 
# [ t =      11091 ] WRITE data=32'h00000000 to addr=12'h008 with strb=4'b1111 
# [ t =      11171 ] SETUP COUNTER INIT = 64'h0000000000000000 
# ---------       3: WRITE DIV_VAL + DIV_EN WHILE TIMER OFF     -----------------
# [ t =      11171 ] WRITE data=32'h00000802 to addr=12'h000 with strb=4'b1111 
# [ t =      11331 ] READ at addr = 12'h000 , the rdata actual = 32'h00000802 
# [ t =      11331 ] expect that rdata at addr=12'h000 is 32'h00000802 
# [ t =      11331 ]    >>>  PASS <<<     |   rdata actual =32'h00000802   =  rdata expect =32'h00000802 
# -------------------------------------------------------------------------------------
# [ t =      11331 ] SETUP DIV_VAL = 4'b1000 & DIV_EN = 1'b1 
# ----------------  4: START TIMER (timer_en=1)      ----------------------------------
# [ t =      11331 ] WRITE data=32'h00000803 to addr=12'h000 with strb=4'b1111 
# ----------------     5: AFTER         256 CYCLE      ----------------------------------
# [t=     11430] CNT_EN = 0 -> CNT64 = 0 (0x0000000000000000)
# [t=     11450] CNT_EN = 0 -> CNT64 = 0 (0x0000000000000000)
# [t=     11470] CNT_EN = 0 -> CNT64 = 0 (0x0000000000000000)
# [t=     11490] CNT_EN = 0 -> CNT64 = 0 (0x0000000000000000)
# [t=     11510] CNT_EN = 0 -> CNT64 = 0 (0x0000000000000000)
# [t=     11530] CNT_EN = 0 -> CNT64 = 0 (0x0000000000000000)
# [t=     11550] CNT_EN = 0 -> CNT64 = 0 (0x0000000000000000)
# [t=     11570] CNT_EN = 0 -> CNT64 = 0 (0x0000000000000000)
# [t=     11590] CNT_EN = 0 -> CNT64 = 0 (0x0000000000000000)
# [t=     11610] CNT_EN = 0 -> CNT64 = 0 (0x0000000000000000)
# [t=     11630] CNT_EN = 0 -> CNT64 = 0 (0x0000000000000000)
# [t=     11650] CNT_EN = 0 -> CNT64 = 0 (0x0000000000000000)
# [t=     11670] CNT_EN = 0 -> CNT64 = 0 (0x0000000000000000)
# [t=     11690] CNT_EN = 0 -> CNT64 = 0 (0x0000000000000000)
# [t=     11710] CNT_EN = 0 -> CNT64 = 0 (0x0000000000000000)
# [t=     11730] CNT_EN = 0 -> CNT64 = 0 (0x0000000000000000)
# [t=     11750] CNT_EN = 0 -> CNT64 = 0 (0x0000000000000000)
# [t=     11770] CNT_EN = 0 -> CNT64 = 0 (0x0000000000000000)
# [t=     11790] CNT_EN = 0 -> CNT64 = 0 (0x0000000000000000)
# [t=     11810] CNT_EN = 0 -> CNT64 = 0 (0x0000000000000000)
# [t=     11830] CNT_EN = 0 -> CNT64 = 0 (0x0000000000000000)
# [t=     11850] CNT_EN = 0 -> CNT64 = 0 (0x0000000000000000)
# [t=     11870] CNT_EN = 0 -> CNT64 = 0 (0x0000000000000000)
# [t=     11890] CNT_EN = 0 -> CNT64 = 0 (0x0000000000000000)
# [t=     11910] CNT_EN = 0 -> CNT64 = 0 (0x0000000000000000)
# [t=     11930] CNT_EN = 0 -> CNT64 = 0 (0x0000000000000000)
# [t=     11950] CNT_EN = 0 -> CNT64 = 0 (0x0000000000000000)
# [t=     11970] CNT_EN = 0 -> CNT64 = 0 (0x0000000000000000)
# [t=     11990] CNT_EN = 0 -> CNT64 = 0 (0x0000000000000000)
# [t=     12010] CNT_EN = 0 -> CNT64 = 0 (0x0000000000000000)
# [t=     12030] CNT_EN = 0 -> CNT64 = 0 (0x0000000000000000)
# [t=     12050] CNT_EN = 0 -> CNT64 = 0 (0x0000000000000000)
# [t=     12070] CNT_EN = 0 -> CNT64 = 0 (0x0000000000000000)
# [t=     12090] CNT_EN = 0 -> CNT64 = 0 (0x0000000000000000)
# [t=     12110] CNT_EN = 0 -> CNT64 = 0 (0x0000000000000000)
# [t=     12130] CNT_EN = 0 -> CNT64 = 0 (0x0000000000000000)
# [t=     12150] CNT_EN = 0 -> CNT64 = 0 (0x0000000000000000)
# [t=     12170] CNT_EN = 0 -> CNT64 = 0 (0x0000000000000000)
# [t=     12190] CNT_EN = 0 -> CNT64 = 0 (0x0000000000000000)
# [t=     12210] CNT_EN = 0 -> CNT64 = 0 (0x0000000000000000)
# [t=     12230] CNT_EN = 0 -> CNT64 = 0 (0x0000000000000000)
# [t=     12250] CNT_EN = 0 -> CNT64 = 0 (0x0000000000000000)
# [t=     12270] CNT_EN = 0 -> CNT64 = 0 (0x0000000000000000)
# [t=     12290] CNT_EN = 0 -> CNT64 = 0 (0x0000000000000000)
# [t=     12310] CNT_EN = 0 -> CNT64 = 0 (0x0000000000000000)
# [t=     12330] CNT_EN = 0 -> CNT64 = 0 (0x0000000000000000)
# [t=     12350] CNT_EN = 0 -> CNT64 = 0 (0x0000000000000000)
# [t=     12370] CNT_EN = 0 -> CNT64 = 0 (0x0000000000000000)
# [t=     12390] CNT_EN = 0 -> CNT64 = 0 (0x0000000000000000)
# [t=     12410] CNT_EN = 0 -> CNT64 = 0 (0x0000000000000000)
# [t=     12430] CNT_EN = 0 -> CNT64 = 0 (0x0000000000000000)
# [t=     12450] CNT_EN = 0 -> CNT64 = 0 (0x0000000000000000)
# [t=     12470] CNT_EN = 0 -> CNT64 = 0 (0x0000000000000000)
# [t=     12490] CNT_EN = 0 -> CNT64 = 0 (0x0000000000000000)
# [t=     12510] CNT_EN = 0 -> CNT64 = 0 (0x0000000000000000)
# [t=     12530] CNT_EN = 0 -> CNT64 = 0 (0x0000000000000000)
# [t=     12550] CNT_EN = 0 -> CNT64 = 0 (0x0000000000000000)
# [t=     12570] CNT_EN = 0 -> CNT64 = 0 (0x0000000000000000)
# [t=     12590] CNT_EN = 0 -> CNT64 = 0 (0x0000000000000000)
# [t=     12610] CNT_EN = 0 -> CNT64 = 0 (0x0000000000000000)
# [t=     12630] CNT_EN = 0 -> CNT64 = 0 (0x0000000000000000)
# [t=     12650] CNT_EN = 0 -> CNT64 = 0 (0x0000000000000000)
# [t=     12670] CNT_EN = 0 -> CNT64 = 0 (0x0000000000000000)
# [t=     12690] CNT_EN = 0 -> CNT64 = 0 (0x0000000000000000)
# [t=     12710] CNT_EN = 0 -> CNT64 = 0 (0x0000000000000000)
# [t=     12730] CNT_EN = 0 -> CNT64 = 0 (0x0000000000000000)
# [t=     12750] CNT_EN = 0 -> CNT64 = 0 (0x0000000000000000)
# [t=     12770] CNT_EN = 0 -> CNT64 = 0 (0x0000000000000000)
# [t=     12790] CNT_EN = 0 -> CNT64 = 0 (0x0000000000000000)
# [t=     12810] CNT_EN = 0 -> CNT64 = 0 (0x0000000000000000)
# [t=     12830] CNT_EN = 0 -> CNT64 = 0 (0x0000000000000000)
# [t=     12850] CNT_EN = 0 -> CNT64 = 0 (0x0000000000000000)
# [t=     12870] CNT_EN = 0 -> CNT64 = 0 (0x0000000000000000)
# [t=     12890] CNT_EN = 0 -> CNT64 = 0 (0x0000000000000000)
# [t=     12910] CNT_EN = 0 -> CNT64 = 0 (0x0000000000000000)
# [t=     12930] CNT_EN = 0 -> CNT64 = 0 (0x0000000000000000)
# [t=     12950] CNT_EN = 0 -> CNT64 = 0 (0x0000000000000000)
# [t=     12970] CNT_EN = 0 -> CNT64 = 0 (0x0000000000000000)
# [t=     12990] CNT_EN = 0 -> CNT64 = 0 (0x0000000000000000)
# [t=     13010] CNT_EN = 0 -> CNT64 = 0 (0x0000000000000000)
# [t=     13030] CNT_EN = 0 -> CNT64 = 0 (0x0000000000000000)
# [t=     13050] CNT_EN = 0 -> CNT64 = 0 (0x0000000000000000)
# [t=     13070] CNT_EN = 0 -> CNT64 = 0 (0x0000000000000000)
# [t=     13090] CNT_EN = 0 -> CNT64 = 0 (0x0000000000000000)
# [t=     13110] CNT_EN = 0 -> CNT64 = 0 (0x0000000000000000)
# [t=     13130] CNT_EN = 0 -> CNT64 = 0 (0x0000000000000000)
# [t=     13150] CNT_EN = 0 -> CNT64 = 0 (0x0000000000000000)
# [t=     13170] CNT_EN = 0 -> CNT64 = 0 (0x0000000000000000)
# [t=     13190] CNT_EN = 0 -> CNT64 = 0 (0x0000000000000000)
# [t=     13210] CNT_EN = 0 -> CNT64 = 0 (0x0000000000000000)
# [t=     13230] CNT_EN = 0 -> CNT64 = 0 (0x0000000000000000)
# [t=     13250] CNT_EN = 0 -> CNT64 = 0 (0x0000000000000000)
# [t=     13270] CNT_EN = 0 -> CNT64 = 0 (0x0000000000000000)
# [t=     13290] CNT_EN = 0 -> CNT64 = 0 (0x0000000000000000)
# [t=     13310] CNT_EN = 0 -> CNT64 = 0 (0x0000000000000000)
# [t=     13330] CNT_EN = 0 -> CNT64 = 0 (0x0000000000000000)
# [t=     13350] CNT_EN = 0 -> CNT64 = 0 (0x0000000000000000)
# [t=     13370] CNT_EN = 0 -> CNT64 = 0 (0x0000000000000000)
# [t=     13390] CNT_EN = 0 -> CNT64 = 0 (0x0000000000000000)
# [t=     13410] CNT_EN = 0 -> CNT64 = 0 (0x0000000000000000)
# [t=     13430] CNT_EN = 0 -> CNT64 = 0 (0x0000000000000000)
# [t=     13450] CNT_EN = 0 -> CNT64 = 0 (0x0000000000000000)
# [t=     13470] CNT_EN = 0 -> CNT64 = 0 (0x0000000000000000)
# [t=     13490] CNT_EN = 0 -> CNT64 = 0 (0x0000000000000000)
# [t=     13510] CNT_EN = 0 -> CNT64 = 0 (0x0000000000000000)
# [t=     13530] CNT_EN = 0 -> CNT64 = 0 (0x0000000000000000)
# [t=     13550] CNT_EN = 0 -> CNT64 = 0 (0x0000000000000000)
# [t=     13570] CNT_EN = 0 -> CNT64 = 0 (0x0000000000000000)
# [t=     13590] CNT_EN = 0 -> CNT64 = 0 (0x0000000000000000)
# [t=     13610] CNT_EN = 0 -> CNT64 = 0 (0x0000000000000000)
# [t=     13630] CNT_EN = 0 -> CNT64 = 0 (0x0000000000000000)
# [t=     13650] CNT_EN = 0 -> CNT64 = 0 (0x0000000000000000)
# [t=     13670] CNT_EN = 0 -> CNT64 = 0 (0x0000000000000000)
# [t=     13690] CNT_EN = 0 -> CNT64 = 0 (0x0000000000000000)
# [t=     13710] CNT_EN = 0 -> CNT64 = 0 (0x0000000000000000)
# [t=     13730] CNT_EN = 0 -> CNT64 = 0 (0x0000000000000000)
# [t=     13750] CNT_EN = 0 -> CNT64 = 0 (0x0000000000000000)
# [t=     13770] CNT_EN = 0 -> CNT64 = 0 (0x0000000000000000)
# [t=     13790] CNT_EN = 0 -> CNT64 = 0 (0x0000000000000000)
# [t=     13810] CNT_EN = 0 -> CNT64 = 0 (0x0000000000000000)
# [t=     13830] CNT_EN = 0 -> CNT64 = 0 (0x0000000000000000)
# [t=     13850] CNT_EN = 0 -> CNT64 = 0 (0x0000000000000000)
# [t=     13870] CNT_EN = 0 -> CNT64 = 0 (0x0000000000000000)
# [t=     13890] CNT_EN = 0 -> CNT64 = 0 (0x0000000000000000)
# [t=     13910] CNT_EN = 0 -> CNT64 = 0 (0x0000000000000000)
# [t=     13930] CNT_EN = 0 -> CNT64 = 0 (0x0000000000000000)
# [t=     13950] CNT_EN = 0 -> CNT64 = 0 (0x0000000000000000)
# [t=     13970] CNT_EN = 0 -> CNT64 = 0 (0x0000000000000000)
# [t=     13990] CNT_EN = 0 -> CNT64 = 0 (0x0000000000000000)
# [t=     14010] CNT_EN = 0 -> CNT64 = 0 (0x0000000000000000)
# [t=     14030] CNT_EN = 0 -> CNT64 = 0 (0x0000000000000000)
# [t=     14050] CNT_EN = 0 -> CNT64 = 0 (0x0000000000000000)
# [t=     14070] CNT_EN = 0 -> CNT64 = 0 (0x0000000000000000)
# [t=     14090] CNT_EN = 0 -> CNT64 = 0 (0x0000000000000000)
# [t=     14110] CNT_EN = 0 -> CNT64 = 0 (0x0000000000000000)
# [t=     14130] CNT_EN = 0 -> CNT64 = 0 (0x0000000000000000)
# [t=     14150] CNT_EN = 0 -> CNT64 = 0 (0x0000000000000000)
# [t=     14170] CNT_EN = 0 -> CNT64 = 0 (0x0000000000000000)
# [t=     14190] CNT_EN = 0 -> CNT64 = 0 (0x0000000000000000)
# [t=     14210] CNT_EN = 0 -> CNT64 = 0 (0x0000000000000000)
# [t=     14230] CNT_EN = 0 -> CNT64 = 0 (0x0000000000000000)
# [t=     14250] CNT_EN = 0 -> CNT64 = 0 (0x0000000000000000)
# [t=     14270] CNT_EN = 0 -> CNT64 = 0 (0x0000000000000000)
# [t=     14290] CNT_EN = 0 -> CNT64 = 0 (0x0000000000000000)
# [t=     14310] CNT_EN = 0 -> CNT64 = 0 (0x0000000000000000)
# [t=     14330] CNT_EN = 0 -> CNT64 = 0 (0x0000000000000000)
# [t=     14350] CNT_EN = 0 -> CNT64 = 0 (0x0000000000000000)
# [t=     14370] CNT_EN = 0 -> CNT64 = 0 (0x0000000000000000)
# [t=     14390] CNT_EN = 0 -> CNT64 = 0 (0x0000000000000000)
# [t=     14410] CNT_EN = 0 -> CNT64 = 0 (0x0000000000000000)
# [t=     14430] CNT_EN = 0 -> CNT64 = 0 (0x0000000000000000)
# [t=     14450] CNT_EN = 0 -> CNT64 = 0 (0x0000000000000000)
# [t=     14470] CNT_EN = 0 -> CNT64 = 0 (0x0000000000000000)
# [t=     14490] CNT_EN = 0 -> CNT64 = 0 (0x0000000000000000)
# [t=     14510] CNT_EN = 0 -> CNT64 = 0 (0x0000000000000000)
# [t=     14530] CNT_EN = 0 -> CNT64 = 0 (0x0000000000000000)
# [t=     14550] CNT_EN = 0 -> CNT64 = 0 (0x0000000000000000)
# [t=     14570] CNT_EN = 0 -> CNT64 = 0 (0x0000000000000000)
# [t=     14590] CNT_EN = 0 -> CNT64 = 0 (0x0000000000000000)
# [t=     14610] CNT_EN = 0 -> CNT64 = 0 (0x0000000000000000)
# [t=     14630] CNT_EN = 0 -> CNT64 = 0 (0x0000000000000000)
# [t=     14650] CNT_EN = 0 -> CNT64 = 0 (0x0000000000000000)
# [t=     14670] CNT_EN = 0 -> CNT64 = 0 (0x0000000000000000)
# [t=     14690] CNT_EN = 0 -> CNT64 = 0 (0x0000000000000000)
# [t=     14710] CNT_EN = 0 -> CNT64 = 0 (0x0000000000000000)
# [t=     14730] CNT_EN = 0 -> CNT64 = 0 (0x0000000000000000)
# [t=     14750] CNT_EN = 0 -> CNT64 = 0 (0x0000000000000000)
# [t=     14770] CNT_EN = 0 -> CNT64 = 0 (0x0000000000000000)
# [t=     14790] CNT_EN = 0 -> CNT64 = 0 (0x0000000000000000)
# [t=     14810] CNT_EN = 0 -> CNT64 = 0 (0x0000000000000000)
# [t=     14830] CNT_EN = 0 -> CNT64 = 0 (0x0000000000000000)
# [t=     14850] CNT_EN = 0 -> CNT64 = 0 (0x0000000000000000)
# [t=     14870] CNT_EN = 0 -> CNT64 = 0 (0x0000000000000000)
# [t=     14890] CNT_EN = 0 -> CNT64 = 0 (0x0000000000000000)
# [t=     14910] CNT_EN = 0 -> CNT64 = 0 (0x0000000000000000)
# [t=     14930] CNT_EN = 0 -> CNT64 = 0 (0x0000000000000000)
# [t=     14950] CNT_EN = 0 -> CNT64 = 0 (0x0000000000000000)
# [t=     14970] CNT_EN = 0 -> CNT64 = 0 (0x0000000000000000)
# [t=     14990] CNT_EN = 0 -> CNT64 = 0 (0x0000000000000000)
# [t=     15010] CNT_EN = 0 -> CNT64 = 0 (0x0000000000000000)
# [t=     15030] CNT_EN = 0 -> CNT64 = 0 (0x0000000000000000)
# [t=     15050] CNT_EN = 0 -> CNT64 = 0 (0x0000000000000000)
# [t=     15070] CNT_EN = 0 -> CNT64 = 0 (0x0000000000000000)
# [t=     15090] CNT_EN = 0 -> CNT64 = 0 (0x0000000000000000)
# [t=     15110] CNT_EN = 0 -> CNT64 = 0 (0x0000000000000000)
# [t=     15130] CNT_EN = 0 -> CNT64 = 0 (0x0000000000000000)
# [t=     15150] CNT_EN = 0 -> CNT64 = 0 (0x0000000000000000)
# [t=     15170] CNT_EN = 0 -> CNT64 = 0 (0x0000000000000000)
# [t=     15190] CNT_EN = 0 -> CNT64 = 0 (0x0000000000000000)
# [t=     15210] CNT_EN = 0 -> CNT64 = 0 (0x0000000000000000)
# [t=     15230] CNT_EN = 0 -> CNT64 = 0 (0x0000000000000000)
# [t=     15250] CNT_EN = 0 -> CNT64 = 0 (0x0000000000000000)
# [t=     15270] CNT_EN = 0 -> CNT64 = 0 (0x0000000000000000)
# [t=     15290] CNT_EN = 0 -> CNT64 = 0 (0x0000000000000000)
# [t=     15310] CNT_EN = 0 -> CNT64 = 0 (0x0000000000000000)
# [t=     15330] CNT_EN = 0 -> CNT64 = 0 (0x0000000000000000)
# [t=     15350] CNT_EN = 0 -> CNT64 = 0 (0x0000000000000000)
# [t=     15370] CNT_EN = 0 -> CNT64 = 0 (0x0000000000000000)
# [t=     15390] CNT_EN = 0 -> CNT64 = 0 (0x0000000000000000)
# [t=     15410] CNT_EN = 0 -> CNT64 = 0 (0x0000000000000000)
# [t=     15430] CNT_EN = 0 -> CNT64 = 0 (0x0000000000000000)
# [t=     15450] CNT_EN = 0 -> CNT64 = 0 (0x0000000000000000)
# [t=     15470] CNT_EN = 0 -> CNT64 = 0 (0x0000000000000000)
# [t=     15490] CNT_EN = 0 -> CNT64 = 0 (0x0000000000000000)
# [t=     15510] CNT_EN = 0 -> CNT64 = 0 (0x0000000000000000)
# [t=     15530] CNT_EN = 0 -> CNT64 = 0 (0x0000000000000000)
# [t=     15550] CNT_EN = 0 -> CNT64 = 0 (0x0000000000000000)
# [t=     15570] CNT_EN = 0 -> CNT64 = 0 (0x0000000000000000)
# [t=     15590] CNT_EN = 0 -> CNT64 = 0 (0x0000000000000000)
# [t=     15610] CNT_EN = 0 -> CNT64 = 0 (0x0000000000000000)
# [t=     15630] CNT_EN = 0 -> CNT64 = 0 (0x0000000000000000)
# [t=     15650] CNT_EN = 0 -> CNT64 = 0 (0x0000000000000000)
# [t=     15670] CNT_EN = 0 -> CNT64 = 0 (0x0000000000000000)
# [t=     15690] CNT_EN = 0 -> CNT64 = 0 (0x0000000000000000)
# [t=     15710] CNT_EN = 0 -> CNT64 = 0 (0x0000000000000000)
# [t=     15730] CNT_EN = 0 -> CNT64 = 0 (0x0000000000000000)
# [t=     15750] CNT_EN = 0 -> CNT64 = 0 (0x0000000000000000)
# [t=     15770] CNT_EN = 0 -> CNT64 = 0 (0x0000000000000000)
# [t=     15790] CNT_EN = 0 -> CNT64 = 0 (0x0000000000000000)
# [t=     15810] CNT_EN = 0 -> CNT64 = 0 (0x0000000000000000)
# [t=     15830] CNT_EN = 0 -> CNT64 = 0 (0x0000000000000000)
# [t=     15850] CNT_EN = 0 -> CNT64 = 0 (0x0000000000000000)
# [t=     15870] CNT_EN = 0 -> CNT64 = 0 (0x0000000000000000)
# [t=     15890] CNT_EN = 0 -> CNT64 = 0 (0x0000000000000000)
# [t=     15910] CNT_EN = 0 -> CNT64 = 0 (0x0000000000000000)
# [t=     15930] CNT_EN = 0 -> CNT64 = 0 (0x0000000000000000)
# [t=     15950] CNT_EN = 0 -> CNT64 = 0 (0x0000000000000000)
# [t=     15970] CNT_EN = 0 -> CNT64 = 0 (0x0000000000000000)
# [t=     15990] CNT_EN = 0 -> CNT64 = 0 (0x0000000000000000)
# [t=     16010] CNT_EN = 0 -> CNT64 = 0 (0x0000000000000000)
# [t=     16030] CNT_EN = 0 -> CNT64 = 0 (0x0000000000000000)
# [t=     16050] CNT_EN = 0 -> CNT64 = 0 (0x0000000000000000)
# [t=     16070] CNT_EN = 0 -> CNT64 = 0 (0x0000000000000000)
# [t=     16090] CNT_EN = 0 -> CNT64 = 0 (0x0000000000000000)
# [t=     16110] CNT_EN = 0 -> CNT64 = 0 (0x0000000000000000)
# [t=     16130] CNT_EN = 0 -> CNT64 = 0 (0x0000000000000000)
# [t=     16150] CNT_EN = 0 -> CNT64 = 0 (0x0000000000000000)
# [t=     16170] CNT_EN = 0 -> CNT64 = 0 (0x0000000000000000)
# [t=     16190] CNT_EN = 0 -> CNT64 = 0 (0x0000000000000000)
# [t=     16210] CNT_EN = 0 -> CNT64 = 0 (0x0000000000000000)
# [t=     16230] CNT_EN = 0 -> CNT64 = 0 (0x0000000000000000)
# [t=     16250] CNT_EN = 0 -> CNT64 = 0 (0x0000000000000000)
# [t=     16270] CNT_EN = 0 -> CNT64 = 0 (0x0000000000000000)
# [t=     16290] CNT_EN = 0 -> CNT64 = 0 (0x0000000000000000)
# [t=     16310] CNT_EN = 0 -> CNT64 = 0 (0x0000000000000000)
# [t=     16330] CNT_EN = 0 -> CNT64 = 0 (0x0000000000000000)
# [t=     16350] CNT_EN = 0 -> CNT64 = 0 (0x0000000000000000)
# [t=     16370] CNT_EN = 0 -> CNT64 = 0 (0x0000000000000000)
# [t=     16390] CNT_EN = 0 -> CNT64 = 0 (0x0000000000000000)
# [t=     16410] CNT_EN = 0 -> CNT64 = 0 (0x0000000000000000)
# [t=     16430] CNT_EN = 0 -> CNT64 = 0 (0x0000000000000000)
# [t=     16450] CNT_EN = 0 -> CNT64 = 0 (0x0000000000000000)
# [t=     16470] CNT_EN = 0 -> CNT64 = 0 (0x0000000000000000)
# [t=     16490] CNT_EN = 0 -> CNT64 = 0 (0x0000000000000000)
# [t=     16510] CNT_EN = 0 -> CNT64 = 0 (0x0000000000000000)
# [t=     16530] CNT_EN = 1 -> CNT64 = 1 (0x0000000000000001)
# [ t =      16530 ] COUNTER VAL NOW = 64'h0000000000000001 
# -------------------------------------------------------------------------------------
# EXPECTED CNT64 = 1 (0x0000000000000001)
# ACTUAL   CNT64 = 1 (0x0000000000000001)
#    >>> PASS <<<
# -----------------------------------------
# -------------------------------------------------------------------------------------
# ----------------   1: STOP TIMER (timer_en=0)      ----------------------------------
# [ t =      16530 ] WRITE data=32'h00000000 to addr=12'h000 with strb=4'b1111 
# ---------     2: WRITE RELOAD (split from cnt[63:0] -> TDR0/TDR1    -----------------
# [ t =      16670 ] WRITE data=32'h00000000 to addr=12'h004 with strb=4'b1111 
# [ t =      16751 ] WRITE data=32'h00000000 to addr=12'h008 with strb=4'b1111 
# [ t =      16831 ] SETUP COUNTER INIT = 64'h0000000000000000 
# ---------       3: WRITE DIV_VAL + DIV_EN WHILE TIMER OFF     -----------------
# [ t =      16831 ] WRITE data=32'h00000002 to addr=12'h000 with strb=4'b1111 
# [ t =      16991 ] READ at addr = 12'h000 , the rdata actual = 32'h00000002 
# [ t =      16991 ] expect that rdata at addr=12'h000 is 32'h00000002 
# [ t =      16991 ]    >>>  PASS <<<     |   rdata actual =32'h00000002   =  rdata expect =32'h00000002 
# -------------------------------------------------------------------------------------
# [ t =      16991 ] SETUP DIV_VAL = 4'b0000 & DIV_EN = 1'b1 
# ----------------  4: START TIMER (timer_en=1)      ----------------------------------
# [ t =      16991 ] WRITE data=32'h00000003 to addr=12'h000 with strb=4'b1111 
# ----------------     5: AFTER           1 CYCLE      ----------------------------------
# [t=     17090] CNT_EN = 1 -> CNT64 = 1 (0x0000000000000001)
# [ t =      17090 ] COUNTER VAL NOW = 64'h0000000000000001 
# -------------------------------------------------------------------------------------
# EXPECTED CNT64 = 1 (0x0000000000000001)
# ACTUAL   CNT64 = 1 (0x0000000000000001)
#    >>> PASS <<<
# -----------------------------------------
# =====================================================================================
# =========[                        TEST : PASS ALL                       ]============
# =====================================================================================
# Test_result PASSED
# -------------------------------------------------------------------------------------
# [ t =      17190 ] TEST COMPLETE. Total Errors: 0
# -------------------------------------------------------------------------------------
# ** Note: $finish    : ../tb/test_bench.v(94)
#    Time: 17190 ns  Iteration: 0  Instance: /test_bench
# Saving coverage database on exit...
# End time: 19:56:39 on Dec 01,2025, Elapsed time: 0:00:01
# Errors: 0, Warnings: 0
