|-----------------------------------------------------------------------------------------------|
| PAT_NAME                                | RUN_DATE                      | RESULT              |
|-----------------------------------------------------------------------------------------------|
| 1_initial_value                         | 15:18:18 Nov 27 2025          |                     |
|-----------------------------------------------------------------------------------------------|
| 21_register_access                      | 15:18:20 Nov 27 2025          |                     |
|-----------------------------------------------------------------------------------------------|
| 22_register_byte_access                 | 15:18:22 Nov 27 2025          |                     |
|-----------------------------------------------------------------------------------------------|
| 23_register_reserved_access             | 15:18:24 Nov 27 2025          |                     |
|-----------------------------------------------------------------------------------------------|
| 24_register_one_hot                     | 15:18:26 Nov 27 2025          |                     |
|-----------------------------------------------------------------------------------------------|
| 31_counter_run                          | 15:18:28 Nov 27 2025          |                     |
|-----------------------------------------------------------------------------------------------|
| 32_counter_clear                        | 15:18:30 Nov 27 2025          |                     |
|-----------------------------------------------------------------------------------------------|
| 33_counter_after_interrupt              | 15:18:32 Nov 27 2025          |                     |
|-----------------------------------------------------------------------------------------------|
| 4_interrupt_check                       | 15:18:34 Nov 27 2025          |                     |
|-----------------------------------------------------------------------------------------------|
| 5_apb_pslverr                           | 15:18:36 Nov 27 2025          |                     |
|-----------------------------------------------------------------------------------------------|
| 6_halt                                  | 15:18:38 Nov 27 2025          |                     |
|-----------------------------------------------------------------------------------------------|
